1550615790635	mozrunner::runner	INFO	Running command: "C:\\Program Files (x86)\\Mozilla Firefox\\firefox.exe" "-marionette" "-foreground" "-no-remote" "-profile" "C:\\Users\\Fox\\AppData\\Local\\Temp\\rust_mozprofile.WrN04GtznufG"
1550615791383	addons.webextension.screenshots@mozilla.org	WARN	Loading extension 'screenshots@mozilla.org': Reading manifest: Invalid host permission: resource://pdf.js/
1550615791384	addons.webextension.screenshots@mozilla.org	WARN	Loading extension 'screenshots@mozilla.org': Reading manifest: Invalid host permission: about:reader*
1550615795518	Marionette	INFO	Listening on port 51320
1550615795911	Marionette	WARN	TLS certificate errors will be ignored for this session
[Child 6400, Chrome_ChildThread] WARNING: pipe error: 109: file z:/build/build/src/ipc/chromium/src/chrome/common/ipc_channel_win.cc, line 332
[Child 6400, Chrome_ChildThread] WARNING: pipe error: 109: file z:/build/build/src/ipc/chromium/src/chrome/common/ipc_channel_win.cc, line 332
[Parent 8020, Gecko_IOThread] WARNING: pipe error: 109: file z:/build/build/src/ipc/chromium/src/chrome/common/ipc_channel_win.cc, line 332
[Parent 8020, Gecko_IOThread] WARNING: pipe error: 109: file z:/build/build/src/ipc/chromium/src/chrome/common/ipc_channel_win.cc, line 332
[Child 5600, Chrome_ChildThread] WARNING: pipe error: 109: file z:/build/build/src/ipc/chromium/src/chrome/common/ipc_channel_win.cc, line 332
[Child 8056, Chrome_ChildThread] WARNING: pipe error: 109: file z:/build/build/src/ipc/chromium/src/chrome/common/ipc_channel_win.cc, line 332
[Child 8056, Chrome_ChildThread] WARNING: pipe error: 109: file z:/build/build/src/ipc/chromium/src/chrome/common/ipc_channel_win.cc, line 332
1550615822707	Marionette	INFO	Stopped listening on port 51320
: file z:/build/build/src/ipc/chromium/src/chrome/common/ipc_channel_win.cc, line 332
1550615658109	Marionette	INFO	Stopped listening on port 51175
mium/src/chrome/common/ipc_channel_win.cc, line 332
1550615535071	Marionette	INFO	Stopped listening on port 51102
/ipc/chromium/src/chrome/common/ipc_channel_win.cc, line 332
1550614780040	Marionette	INFO	Stopped listening on port 50829
ome/common/ipc_channel_win.cc, line 332
[Child 7760, Chrome_ChildThread] WARNING: pipe error: 109: file z:/build/build/src/ipc/chromium/src/chrome/common/ipc_channel_win.cc, line 332
1550614751888	Marionette	INFO	Stopped listening on port 50903
own.jsm:541:9

JavaScript error: resource://gre/modules/Sqlite.jsm, line 841: Error: Connection is not open.
